\BOOKMARK [1][-]{section.1}{\376\377\000I\000n\000t\000r\000o\000d\000u\000c\000t\000i\000o\000n}{}% 1
\BOOKMARK [2][-]{subsection.1.1}{\376\377\000S\000t\000a\000r\000\040\000C\000l\000u\000s\000t\000e\000r\000s\000\040\000a\000s\000\040\000A\000s\000t\000r\000o\000p\000h\000y\000s\000i\000c\000a\000l\000\040\000L\000a\000b\000o\000r\000a\000t\000o\000r\000i\000e\000s}{section.1}% 2
\BOOKMARK [2][-]{subsection.1.2}{\376\377\000T\000h\000e\000\040\000P\000l\000u\000m\000m\000e\000r\000\040\000M\000o\000d\000e\000l}{section.1}% 3
\BOOKMARK [2][-]{subsection.1.3}{\376\377\000O\000u\000r\000\040\000T\000a\000r\000g\000e\000t\000\040\000C\000l\000u\000s\000t\000e\000r\000s\000:\000\040\000M\0002\000\040\000a\000n\000d\000\040\000M\0003\0004}{section.1}% 4
\BOOKMARK [1][-]{section.2}{\376\377\000M\000e\000t\000h\000o\000d\000o\000l\000o\000g\000y}{}% 5
\BOOKMARK [2][-]{subsection.2.1}{\376\377\000S\000i\000g\000n\000a\000l\000-\000t\000o\000-\000N\000o\000i\000s\000e\000\040\000R\000a\000t\000i\000o\000\040\000a\000n\000d\000\040\000O\000b\000s\000e\000r\000v\000a\000t\000i\000o\000n\000\040\000P\000l\000a\000n\000n\000i\000n\000g}{section.2}% 6
\BOOKMARK [2][-]{subsection.2.2}{\376\377\000B\000a\000c\000k\000g\000r\000o\000u\000n\000d\000\040\000E\000s\000t\000i\000m\000a\000t\000i\000o\000n\000\040\000a\000n\000d\000\040\000S\000u\000b\000t\000r\000a\000c\000t\000i\000o\000n}{section.2}% 7
\BOOKMARK [2][-]{subsection.2.3}{\376\377\000C\000o\000m\000p\000l\000e\000t\000e\000n\000e\000s\000s\000\040\000C\000o\000r\000r\000e\000c\000t\000i\000o\000n\000s}{section.2}% 8
\BOOKMARK [3][-]{subsubsection.2.3.1}{\376\377\000A\000r\000t\000i\000f\000i\000c\000i\000a\000l\000\040\000S\000t\000a\000r\000\040\000T\000e\000s\000t\000s}{subsection.2.3}% 9
\BOOKMARK [3][-]{subsubsection.2.3.2}{\376\377\000M\000a\000x\000i\000m\000u\000m\000\040\000L\000i\000k\000e\000l\000i\000h\000o\000o\000d\000\040\000E\000s\000t\000i\000m\000a\000t\000i\000o\000n}{subsection.2.3}% 10
\BOOKMARK [3][-]{subsubsection.2.3.3}{\376\377\000R\000i\000c\000h\000a\000r\000d\000s\000o\000n\000-\000L\000u\000c\000y\000\040\000D\000e\000c\000o\000n\000v\000o\000l\000u\000t\000i\000o\000n}{subsection.2.3}% 11
\BOOKMARK [2][-]{subsection.2.4}{\376\377\000M\000e\000m\000b\000e\000r\000s\000h\000i\000p\000\040\000D\000e\000t\000e\000r\000m\000i\000n\000a\000t\000i\000o\000n}{section.2}% 12
\BOOKMARK [3][-]{subsubsection.2.4.1}{\376\377\000C\000o\000l\000o\000r\000-\000M\000a\000g\000n\000i\000t\000u\000d\000e\000\040\000D\000i\000a\000g\000r\000a\000m\000\040\000F\000i\000l\000t\000e\000r\000i\000n\000g}{subsection.2.4}% 13
\BOOKMARK [3][-]{subsubsection.2.4.2}{\376\377\000P\000r\000o\000p\000e\000r\000\040\000M\000o\000t\000i\000o\000n\000\040\000F\000i\000l\000t\000e\000r\000i\000n\000g}{subsection.2.4}% 14
\BOOKMARK [3][-]{subsubsection.2.4.3}{\376\377\000S\000p\000a\000t\000i\000a\000l\000\040\000D\000i\000s\000t\000r\000i\000b\000u\000t\000i\000o\000n}{subsection.2.4}% 15
\BOOKMARK [3][-]{subsubsection.2.4.4}{\376\377\000C\000o\000m\000b\000i\000n\000e\000d\000\040\000M\000e\000m\000b\000e\000r\000s\000h\000i\000p\000\040\000P\000r\000o\000b\000a\000b\000i\000l\000i\000t\000y}{subsection.2.4}% 16
\BOOKMARK [2][-]{subsection.2.5}{\376\377\000M\000a\000s\000s\000\040\000E\000s\000t\000i\000m\000a\000t\000i\000o\000n\000\040\000f\000r\000o\000m\000\040\000P\000h\000o\000t\000o\000m\000e\000t\000r\000y}{section.2}% 17
\BOOKMARK [3][-]{subsubsection.2.5.1}{\376\377\000M\000a\000s\000s\000-\000L\000u\000m\000i\000n\000o\000s\000i\000t\000y\000\040\000R\000e\000l\000a\000t\000i\000o\000n\000s}{subsection.2.5}% 18
\BOOKMARK [3][-]{subsubsection.2.5.2}{\376\377\000I\000n\000i\000t\000i\000a\000l\000\040\000M\000a\000s\000s\000\040\000F\000u\000n\000c\000t\000i\000o\000n}{subsection.2.5}% 19
\BOOKMARK [3][-]{subsubsection.2.5.3}{\376\377\000C\000o\000r\000r\000e\000c\000t\000i\000o\000n\000\040\000f\000o\000r\000\040\000U\000n\000r\000e\000s\000o\000l\000v\000e\000d\000\040\000B\000i\000n\000a\000r\000i\000e\000s}{subsection.2.5}% 20
\BOOKMARK [3][-]{subsubsection.2.5.4}{\376\377\000B\000a\000y\000e\000s\000i\000a\000n\000\040\000M\000a\000s\000s\000\040\000I\000n\000f\000e\000r\000e\000n\000c\000e}{subsection.2.5}% 21
\BOOKMARK [3][-]{subsubsection.2.5.5}{\376\377\000T\000o\000t\000a\000l\000\040\000C\000l\000u\000s\000t\000e\000r\000\040\000M\000a\000s\000s}{subsection.2.5}% 22
\BOOKMARK [1][-]{section.3}{\376\377\000D\000a\000t\000a\000\040\000R\000e\000d\000u\000c\000t\000i\000o\000n\000\040\000P\000i\000p\000e\000l\000i\000n\000e}{}% 23
\BOOKMARK [1][-]{section.4}{\376\377\000O\000b\000s\000e\000r\000v\000a\000t\000i\000o\000n\000s\000\040\000a\000n\000d\000\040\000D\000a\000t\000a}{}% 24
\BOOKMARK [1][-]{section.5}{\376\377\000R\000e\000s\000u\000l\000t\000s}{}% 25
\BOOKMARK [1][-]{section.6}{\376\377\000D\000i\000s\000c\000u\000s\000s\000i\000o\000n}{}% 26
\BOOKMARK [1][-]{section.7}{\376\377\000C\000o\000n\000c\000l\000u\000s\000i\000o\000n\000s}{}% 27
\BOOKMARK [1][-]{appendix.A}{\376\377\000C\000o\000m\000p\000a\000r\000i\000s\000o\000n\000\040\000o\000f\000\040\000C\000o\000m\000p\000l\000e\000t\000e\000n\000e\000s\000s\000\040\000F\000u\000n\000c\000t\000i\000o\000n\000\040\000F\000o\000r\000m\000s}{}% 28
\BOOKMARK [2][-]{subsection.A.1}{\376\377\000M\000a\000t\000h\000e\000m\000a\000t\000i\000c\000a\000l\000\040\000D\000e\000f\000i\000n\000i\000t\000i\000o\000n\000s}{appendix.A}% 29
\BOOKMARK [2][-]{subsection.A.2}{\376\377\000T\000a\000y\000l\000o\000r\000\040\000S\000e\000r\000i\000e\000s\000\040\000E\000x\000p\000a\000n\000s\000i\000o\000n\000s}{appendix.A}% 30
\BOOKMARK [2][-]{subsection.A.3}{\376\377\000Q\000u\000a\000n\000t\000i\000t\000a\000t\000i\000v\000e\000\040\000C\000o\000m\000p\000a\000r\000i\000s\000o\000n}{appendix.A}% 31
\BOOKMARK [2][-]{subsection.A.4}{\376\377\000S\000t\000a\000t\000i\000s\000t\000i\000c\000a\000l\000\040\000M\000o\000d\000e\000l\000\040\000C\000o\000m\000p\000a\000r\000i\000s\000o\000n}{appendix.A}% 32
\BOOKMARK [2][-]{subsection.A.5}{\376\377\000P\000h\000y\000s\000i\000c\000a\000l\000\040\000I\000n\000t\000e\000r\000p\000r\000e\000t\000a\000t\000i\000o\000n}{appendix.A}% 33
\BOOKMARK [2][-]{subsection.A.6}{\376\377\000R\000e\000c\000o\000m\000m\000e\000n\000d\000a\000t\000i\000o\000n}{appendix.A}% 34
\BOOKMARK [1][-]{appendix.B}{\376\377\000B\000a\000c\000k\000g\000r\000o\000u\000n\000d\000\040\000E\000s\000t\000i\000m\000a\000t\000i\000o\000n\000\040\000A\000l\000g\000o\000r\000i\000t\000h\000m\000\040\000a\000n\000d\000\040\000V\000a\000l\000i\000d\000a\000t\000i\000o\000n}{}% 35
\BOOKMARK [2][-]{subsection.B.1}{\376\377\000A\000l\000g\000o\000r\000i\000t\000h\000m\000\040\000D\000e\000t\000a\000i\000l\000s}{appendix.B}% 36
\BOOKMARK [3][-]{subsubsection.B.1.1}{\376\377\000B\000o\000x\000-\000L\000e\000v\000e\000l\000\040\000S\000t\000a\000t\000i\000s\000t\000i\000c\000s\000\040\000w\000i\000t\000h\000\040\000S\000i\000g\000m\000a\000\040\000C\000l\000i\000p\000p\000i\000n\000g}{subsection.B.1}% 37
\BOOKMARK [3][-]{subsubsection.B.1.2}{\376\377\000M\000e\000d\000i\000a\000n\000\040\000F\000i\000l\000t\000e\000r\000i\000n\000g}{subsection.B.1}% 38
\BOOKMARK [3][-]{subsubsection.B.1.3}{\376\377\000B\000i\000c\000u\000b\000i\000c\000\040\000I\000n\000t\000e\000r\000p\000o\000l\000a\000t\000i\000o\000n}{subsection.B.1}% 39
\BOOKMARK [2][-]{subsection.B.2}{\376\377\000V\000a\000l\000i\000d\000a\000t\000i\000o\000n\000:\000\040\000M\0003\0004\000\040\000g\000-\000b\000a\000n\000d\000\040\000I\000m\000a\000g\000e}{appendix.B}% 40
\BOOKMARK [2][-]{subsection.B.3}{\376\377\000B\000a\000c\000k\000g\000r\000o\000u\000n\000d\000\040\000R\000M\000S\000\040\000a\000n\000d\000\040\000P\000h\000o\000t\000o\000m\000e\000t\000r\000i\000c\000\040\000U\000n\000c\000e\000r\000t\000a\000i\000n\000t\000i\000e\000s}{appendix.B}% 41
\BOOKMARK [2][-]{subsection.B.4}{\376\377\000C\000o\000m\000p\000a\000r\000i\000s\000o\000n\000\040\000w\000i\000t\000h\000\040\000A\000l\000t\000e\000r\000n\000a\000t\000i\000v\000e\000\040\000M\000e\000t\000h\000o\000d\000s}{appendix.B}% 42
\BOOKMARK [2][-]{subsection.B.5}{\376\377\000I\000m\000p\000l\000e\000m\000e\000n\000t\000a\000t\000i\000o\000n\000\040\000N\000o\000t\000e}{appendix.B}% 43
